<?xml version="1.0" encoding="UTF-8"?>
<!-- Generated by org.testng.reporters.JUnitReportReporter -->
<testsuite skipped="0" hostname="DESKTOP-H8R72AU" name="TestNG.CrossbrowserTesting" tests="3" failures="0" timestamp="2020-03-12T19:58:09 CDT" time="64.316" errors="0">
  <testcase name="f" time="24.390" classname="TestNG.CrossbrowserTesting"/>
  <testcase name="f" time="20.668" classname="TestNG.CrossbrowserTesting"/>
  <testcase name="f" time="19.258" classname="TestNG.CrossbrowserTesting"/>
</testsuite> <!-- TestNG.CrossbrowserTesting -->
