<?xml version="1.0" encoding="UTF-8"?>
<!-- Generated by org.testng.reporters.JUnitReportReporter -->
<testsuite skipped="0" hostname="DESKTOP-H8R72AU" name="TestNG.OrderTestNg" tests="2" failures="0" timestamp="2020-03-03T19:27:06 CST" time="0.022" errors="0">
  <testcase name="f" time="0.007" classname="TestNG.OrderTestNg"/>
  <testcase name="a" time="0.015" classname="TestNG.OrderTestNg"/>
</testsuite> <!-- TestNG.OrderTestNg -->
